# JRE version: OpenJDK Runtime Environment (11.0.8+10) (build 11.0.8+10-b944.6842174)
# Java VM: OpenJDK 64-Bit Server VM (11.0.8+10-b944.6842174, mixed mode, tiered, compressed oops, g1 gc, windows-amd64)
Heap:
 garbage-first heap   total 333824K, used 172392K [0x0000000080000000, 0x0000000100000000)
  region size 1024K, 3 young (3072K), 3 survivors (3072K)
 Metaspace       used 87136K, capacity 89249K, committed 89600K, reserved 1126400K
  class space    used 11425K, capacity 12190K, committed 12288K, reserved 1048576K
GC Heap History (20 events):
Event: 7.392 GC heap after
{Heap after GC invocations=13 (full 0):
 garbage-first heap   total 157696K, used 49463K [0x0000000080000000, 0x0000000100000000)
  region size 1024K, 5 young (5120K), 5 survivors (5120K)
 Metaspace       used 64059K, capacity 65565K, committed 65792K, reserved 1105920K
  class space    used 8348K, capacity 8907K, committed 8960K, reserved 1048576K
}
Event: 8.282 GC heap before
{Heap before GC invocations=14 (full 0):
 garbage-first heap   total 157696K, used 111927K [0x0000000080000000, 0x0000000100000000)
  region size 1024K, 66 young (67584K), 5 survivors (5120K)
 Metaspace       used 70823K, capacity 72389K, committed 72704K, reserved 1112064K
  class space    used 9309K, capacity 9920K, committed 9984K, reserved 1048576K
}
Event: 8.292 GC heap after
{Heap after GC invocations=15 (full 0):
 garbage-first heap   total 189440K, used 53238K [0x0000000080000000, 0x0000000100000000)
  region size 1024K, 4 young (4096K), 4 survivors (4096K)
 Metaspace       used 70823K, capacity 72389K, committed 72704K, reserved 1112064K
  class space    used 9309K, capacity 9920K, committed 9984K, reserved 1048576K
}
Event: 9.337 GC heap before
{Heap before GC invocations=15 (full 0):
 garbage-first heap   total 189440K, used 127990K [0x0000000080000000, 0x0000000100000000)
  region size 1024K, 77 young (78848K), 4 survivors (4096K)
 Metaspace       used 75474K, capacity 77420K, committed 77568K, reserved 1116160K
  class space    used 9904K, capacity 10651K, committed 10752K, reserved 1048576K
}
Event: 9.349 GC heap after
{Heap after GC invocations=16 (full 0):
 garbage-first heap   total 189440K, used 58470K [0x0000000080000000, 0x0000000100000000)
  region size 1024K, 9 young (9216K), 9 survivors (9216K)
 Metaspace       used 75474K, capacity 77420K, committed 77568K, reserved 1116160K
  class space    used 9904K, capacity 10651K, committed 10752K, reserved 1048576K
}
Event: 10.198 GC heap before
{Heap before GC invocations=16 (full 0):
 garbage-first heap   total 189440K, used 132198K [0x0000000080000000, 0x0000000100000000)
  region size 1024K, 82 young (83968K), 9 survivors (9216K)
 Metaspace       used 76295K, capacity 78274K, committed 78592K, reserved 1118208K
  class space    used 9935K, capacity 10674K, committed 10752K, reserved 1048576K
}
Event: 10.214 GC heap after
{Heap after GC invocations=17 (full 0):
 garbage-first heap   total 189440K, used 62986K [0x0000000080000000, 0x0000000100000000)
  region size 1024K, 10 young (10240K), 10 survivors (10240K)
 Metaspace       used 76295K, capacity 78274K, committed 78592K, reserved 1118208K
  class space    used 9935K, capacity 10674K, committed 10752K, reserved 1048576K
}
Event: 11.110 GC heap before
{Heap before GC invocations=17 (full 0):
 garbage-first heap   total 189440K, used 137738K [0x0000000080000000, 0x0000000100000000)
  region size 1024K, 84 young (86016K), 10 survivors (10240K)
 Metaspace       used 78671K, capacity 80691K, committed 81024K, reserved 1120256K
  class space    used 10255K, capacity 11011K, committed 11136K, reserved 1048576K
}
Event: 11.126 GC heap after
{Heap after GC invocations=18 (full 0):
 garbage-first heap   total 189440K, used 66204K [0x0000000080000000, 0x0000000100000000)
  region size 1024K, 8 young (8192K), 8 survivors (8192K)
 Metaspace       used 78671K, capacity 80691K, committed 81024K, reserved 1120256K
  class space    used 10255K, capacity 11011K, committed 11136K, reserved 1048576K
}
Event: 12.078 GC heap before
{Heap before GC invocations=18 (full 0):
 garbage-first heap   total 189440K, used 165532K [0x0000000080000000, 0x0000000100000000)
  region size 1024K, 82 young (83968K), 8 survivors (8192K)
 Metaspace       used 83525K, capacity 85697K, committed 86016K, reserved 1124352K
  class space    used 10889K, capacity 11678K, committed 11776K, reserved 1048576K
}
Event: 12.097 GC heap after
{Heap after GC invocations=19 (full 0):
 garbage-first heap   total 191488K, used 98908K [0x0000000080000000, 0x0000000100000000)
  region size 1024K, 11 young (11264K), 11 survivors (11264K)
 Metaspace       used 83525K, capacity 85697K, committed 86016K, reserved 1124352K
  class space    used 10889K, capacity 11678K, committed 11776K, reserved 1048576K
}
Event: 12.202 GC heap before
{Heap before GC invocations=19 (full 0):
 garbage-first heap   total 191488K, used 117340K [0x0000000080000000, 0x0000000100000000)
  region size 1024K, 30 young (30720K), 11 survivors (11264K)
 Metaspace       used 83527K, capacity 85697K, committed 86016K, reserved 1124352K
  class space    used 10889K, capacity 11678K, committed 11776K, reserved 1048576K
}
Event: 12.248 GC heap after
{Heap after GC invocations=20 (full 0):
 garbage-first heap   total 230400K, used 107392K [0x0000000080000000, 0x0000000100000000)
  region size 1024K, 8 young (8192K), 8 survivors (8192K)
 Metaspace       used 83527K, capacity 85697K, committed 86016K, reserved 1124352K
  class space    used 10889K, capacity 11678K, committed 11776K, reserved 1048576K
}
Event: 12.748 GC heap before
{Heap before GC invocations=21 (full 0):
 garbage-first heap   total 230400K, used 158592K [0x0000000080000000, 0x0000000100000000)
  region size 1024K, 56 young (57344K), 8 survivors (8192K)
 Metaspace       used 85144K, capacity 87186K, committed 87808K, reserved 1124352K
  class space    used 11153K, capacity 11873K, committed 12032K, reserved 1048576K
}
Event: 12.789 GC heap after
{Heap after GC invocations=22 (full 0):
 garbage-first heap   total 230400K, used 132096K [0x0000000080000000, 0x0000000100000000)
  region size 1024K, 7 young (7168K), 7 survivors (7168K)
 Metaspace       used 85144K, capacity 87186K, committed 87808K, reserved 1124352K
  class space    used 11153K, capacity 11873K, committed 12032K, reserved 1048576K
}
Event: 12.938 GC heap before
{Heap before GC invocations=22 (full 0):
 garbage-first heap   total 230400K, used 167936K [0x0000000080000000, 0x0000000100000000)
  region size 1024K, 42 young (43008K), 7 survivors (7168K)
 Metaspace       used 85167K, capacity 87189K, committed 87808K, reserved 1124352K
  class space    used 11153K, capacity 11873K, committed 12032K, reserved 1048576K
}
Event: 12.982 GC heap after
{Heap after GC invocations=23 (full 0):
 garbage-first heap   total 230400K, used 154074K [0x0000000080000000, 0x0000000100000000)
  region size 1024K, 6 young (6144K), 6 survivors (6144K)
 Metaspace       used 85167K, capacity 87189K, committed 87808K, reserved 1124352K
  class space    used 11153K, capacity 11873K, committed 12032K, reserved 1048576K
}
Event: 13.301 GC heap before
{Heap before GC invocations=23 (full 0):
 garbage-first heap   total 230400K, used 176602K [0x0000000080000000, 0x0000000100000000)
  region size 1024K, 29 young (29696K), 6 survivors (6144K)
 Metaspace       used 86673K, capacity 88794K, committed 89344K, reserved 1126400K
  class space    used 11360K, capacity 12101K, committed 12288K, reserved 1048576K
}
Event: 13.323 GC heap after
{Heap after GC invocations=24 (full 0):
 garbage-first heap   total 230400K, used 166912K [0x0000000080000000, 0x0000000100000000)
  region size 1024K, 4 young (4096K), 4 survivors (4096K)
 Metaspace       used 86673K, capacity 88794K, committed 89344K, reserved 1126400K
  class space    used 11360K, capacity 12101K, committed 12288K, reserved 1048576K
}
Event: 13.552 GC heap before
{Heap before GC invocations=25 (full 0):
 garbage-first heap   total 230400K, used 185344K [0x0000000080000000, 0x0000000100000000)
  region size 1024K, 22 young (22528K), 4 survivors (4096K)
 Metaspace       used 87136K, capacity 89249K, committed 89600K, reserved 1126400K
  class space    used 11425K, capacity 12190K, committed 12288K, reserved 1048576K
}

