# JRE version: OpenJDK Runtime Environment (11.0.8+10) (build 11.0.8+10-b944.6842174)
# Java VM: OpenJDK 64-Bit Server VM (11.0.8+10-b944.6842174, mixed mode, tiered, compressed oops, g1 gc, windows-amd64)
Heap:
 garbage-first heap   total 475136K, used 173919K [0x0000000080000000, 0x0000000100000000)
  region size 1024K, 3 young (3072K), 3 survivors (3072K)
 Metaspace       used 87539K, capacity 89652K, committed 89856K, reserved 1126400K
  class space    used 11479K, capacity 12273K, committed 12288K, reserved 1048576K
GC Heap History (20 events):
Event: 18.165 GC heap after
{Heap after GC invocations=24 (full 0):
 garbage-first heap   total 131072K, used 74752K [0x0000000080000000, 0x0000000100000000)
  region size 1024K, 6 young (6144K), 6 survivors (6144K)
 Metaspace       used 79441K, capacity 81327K, committed 81792K, reserved 1120256K
  class space    used 10309K, capacity 10999K, committed 11136K, reserved 1048576K
}
Event: 18.477 GC heap before
{Heap before GC invocations=25 (full 0):
 garbage-first heap   total 131072K, used 103424K [0x0000000080000000, 0x0000000100000000)
  region size 1024K, 32 young (32768K), 6 survivors (6144K)
 Metaspace       used 82759K, capacity 84611K, committed 85120K, reserved 1122304K
  class space    used 10751K, capacity 11460K, committed 11648K, reserved 1048576K
}
Event: 18.487 GC heap after
{Heap after GC invocations=26 (full 0):
 garbage-first heap   total 131072K, used 82231K [0x0000000080000000, 0x0000000100000000)
  region size 1024K, 4 young (4096K), 4 survivors (4096K)
 Metaspace       used 82759K, capacity 84611K, committed 85120K, reserved 1122304K
  class space    used 10751K, capacity 11460K, committed 11648K, reserved 1048576K
}
Event: 18.719 GC heap before
{Heap before GC invocations=27 (full 0):
 garbage-first heap   total 131072K, used 123191K [0x0000000080000000, 0x0000000100000000)
  region size 1024K, 29 young (29696K), 4 survivors (4096K)
 Metaspace       used 83195K, capacity 85195K, committed 85632K, reserved 1124352K
  class space    used 10803K, capacity 11526K, committed 11648K, reserved 1048576K
}
Event: 18.736 GC heap after
{Heap after GC invocations=28 (full 0):
 garbage-first heap   total 167936K, used 100647K [0x0000000080000000, 0x0000000100000000)
  region size 1024K, 4 young (4096K), 4 survivors (4096K)
 Metaspace       used 83195K, capacity 85195K, committed 85632K, reserved 1124352K
  class space    used 10803K, capacity 11526K, committed 11648K, reserved 1048576K
}
Event: 18.929 GC heap before
{Heap before GC invocations=28 (full 0):
 garbage-first heap   total 167936K, used 114983K [0x0000000080000000, 0x0000000100000000)
  region size 1024K, 20 young (20480K), 4 survivors (4096K)
 Metaspace       used 83244K, capacity 85209K, committed 85632K, reserved 1124352K
  class space    used 10812K, capacity 11531K, committed 11648K, reserved 1048576K
}
Event: 18.943 GC heap after
{Heap after GC invocations=29 (full 0):
 garbage-first heap   total 167936K, used 106748K [0x0000000080000000, 0x0000000100000000)
  region size 1024K, 4 young (4096K), 4 survivors (4096K)
 Metaspace       used 83244K, capacity 85209K, committed 85632K, reserved 1124352K
  class space    used 10812K, capacity 11531K, committed 11648K, reserved 1048576K
}
Event: 19.265 GC heap before
{Heap before GC invocations=30 (full 0):
 garbage-first heap   total 167936K, used 130300K [0x0000000080000000, 0x0000000100000000)
  region size 1024K, 26 young (26624K), 4 survivors (4096K)
 Metaspace       used 85122K, capacity 87166K, committed 87552K, reserved 1124352K
  class space    used 11179K, capacity 11909K, committed 12032K, reserved 1048576K
}
Event: 19.281 GC heap after
{Heap after GC invocations=31 (full 0):
 garbage-first heap   total 167936K, used 117173K [0x0000000080000000, 0x0000000100000000)
  region size 1024K, 4 young (4096K), 4 survivors (4096K)
 Metaspace       used 85122K, capacity 87166K, committed 87552K, reserved 1124352K
  class space    used 11179K, capacity 11909K, committed 12032K, reserved 1048576K
}
Event: 19.398 GC heap before
{Heap before GC invocations=31 (full 0):
 garbage-first heap   total 167936K, used 134581K [0x0000000080000000, 0x0000000100000000)
  region size 1024K, 21 young (21504K), 4 survivors (4096K)
 Metaspace       used 85214K, capacity 87241K, committed 87552K, reserved 1124352K
  class space    used 11179K, capacity 11909K, committed 12032K, reserved 1048576K
}
Event: 19.416 GC heap after
{Heap after GC invocations=32 (full 0):
 garbage-first heap   total 167936K, used 127147K [0x0000000080000000, 0x0000000100000000)
  region size 1024K, 3 young (3072K), 3 survivors (3072K)
 Metaspace       used 85214K, capacity 87241K, committed 87552K, reserved 1124352K
  class space    used 11179K, capacity 11909K, committed 12032K, reserved 1048576K
}
Event: 19.476 GC heap before
{Heap before GC invocations=32 (full 0):
 garbage-first heap   total 167936K, used 138411K [0x0000000080000000, 0x0000000100000000)
  region size 1024K, 14 young (14336K), 3 survivors (3072K)
 Metaspace       used 85228K, capacity 87242K, committed 87552K, reserved 1124352K
  class space    used 11179K, capacity 11909K, committed 12032K, reserved 1048576K
}
Event: 19.504 GC heap after
{Heap after GC invocations=33 (full 0):
 garbage-first heap   total 237568K, used 134144K [0x0000000080000000, 0x0000000100000000)
  region size 1024K, 2 young (2048K), 2 survivors (2048K)
 Metaspace       used 85228K, capacity 87242K, committed 87552K, reserved 1124352K
  class space    used 11179K, capacity 11909K, committed 12032K, reserved 1048576K
}
Event: 19.754 GC heap before
{Heap before GC invocations=33 (full 0):
 garbage-first heap   total 237568K, used 166912K [0x0000000080000000, 0x0000000100000000)
  region size 1024K, 34 young (34816K), 2 survivors (2048K)
 Metaspace       used 85247K, capacity 87245K, committed 87552K, reserved 1124352K
  class space    used 11179K, capacity 11909K, committed 12032K, reserved 1048576K
}
Event: 19.792 GC heap after
{Heap after GC invocations=34 (full 0):
 garbage-first heap   total 237568K, used 153550K [0x0000000080000000, 0x0000000100000000)
  region size 1024K, 5 young (5120K), 5 survivors (5120K)
 Metaspace       used 85247K, capacity 87245K, committed 87552K, reserved 1124352K
  class space    used 11179K, capacity 11909K, committed 12032K, reserved 1048576K
}
Event: 20.135 GC heap before
{Heap before GC invocations=35 (full 0):
 garbage-first heap   total 237568K, used 177102K [0x0000000080000000, 0x0000000100000000)
  region size 1024K, 29 young (29696K), 5 survivors (5120K)
 Metaspace       used 86637K, capacity 88655K, committed 88960K, reserved 1126400K
  class space    used 11356K, capacity 12105K, committed 12160K, reserved 1048576K
}
Event: 20.155 GC heap after
{Heap after GC invocations=36 (full 0):
 garbage-first heap   total 237568K, used 165888K [0x0000000080000000, 0x0000000100000000)
  region size 1024K, 4 young (4096K), 4 survivors (4096K)
 Metaspace       used 86637K, capacity 88655K, committed 88960K, reserved 1126400K
  class space    used 11356K, capacity 12105K, committed 12160K, reserved 1048576K
}
Event: 20.426 GC heap before
{Heap before GC invocations=36 (full 0):
 garbage-first heap   total 237568K, used 186368K [0x0000000080000000, 0x0000000100000000)
  region size 1024K, 24 young (24576K), 4 survivors (4096K)
 Metaspace       used 87285K, capacity 89389K, committed 89600K, reserved 1126400K
  class space    used 11458K, capacity 12233K, committed 12288K, reserved 1048576K
}
Event: 20.445 GC heap after
{Heap after GC invocations=37 (full 0):
 garbage-first heap   total 237568K, used 171008K [0x0000000080000000, 0x0000000100000000)
  region size 1024K, 3 young (3072K), 3 survivors (3072K)
 Metaspace       used 87285K, capacity 89389K, committed 89600K, reserved 1126400K
  class space    used 11458K, capacity 12233K, committed 12288K, reserved 1048576K
}
Event: 20.674 GC heap before
{Heap before GC invocations=37 (full 0):
 garbage-first heap   total 237568K, used 190464K [0x0000000080000000, 0x0000000100000000)
  region size 1024K, 22 young (22528K), 3 survivors (3072K)
 Metaspace       used 87539K, capacity 89652K, committed 89856K, reserved 1126400K
  class space    used 11479K, capacity 12273K, committed 12288K, reserved 1048576K
}

