# JRE version: OpenJDK Runtime Environment (11.0.8+10) (build 11.0.8+10-b944.6842174)
# Java VM: OpenJDK 64-Bit Server VM (11.0.8+10-b944.6842174, mixed mode, tiered, compressed oops, g1 gc, windows-amd64)
Heap:
 garbage-first heap   total 473088K, used 237056K [0x0000000080000000, 0x0000000100000000)
  region size 1024K, 34 young (34816K), 15 survivors (15360K)
 Metaspace       used 165984K, capacity 170097K, committed 170368K, reserved 1198080K
  class space    used 19826K, capacity 21350K, committed 21376K, reserved 1048576K
GC Heap History (20 events):
Event: 1271.478 GC heap after
{Heap after GC invocations=97 (full 0):
 garbage-first heap   total 473088K, used 104911K [0x0000000080000000, 0x0000000100000000)
  region size 1024K, 1 young (1024K), 1 survivors (1024K)
 Metaspace       used 149839K, capacity 153493K, committed 153856K, reserved 1183744K
  class space    used 18027K, capacity 19339K, committed 19456K, reserved 1048576K
}
Event: 1426.461 GC heap before
{Heap before GC invocations=97 (full 0):
 garbage-first heap   total 473088K, used 225743K [0x0000000080000000, 0x0000000100000000)
  region size 1024K, 121 young (123904K), 1 survivors (1024K)
 Metaspace       used 150543K, capacity 154425K, committed 154496K, reserved 1183744K
  class space    used 18136K, capacity 19538K, committed 19584K, reserved 1048576K
}
Event: 1426.470 GC heap after
{Heap after GC invocations=98 (full 0):
 garbage-first heap   total 473088K, used 111352K [0x0000000080000000, 0x0000000100000000)
  region size 1024K, 8 young (8192K), 8 survivors (8192K)
 Metaspace       used 150543K, capacity 154425K, committed 154496K, reserved 1183744K
  class space    used 18136K, capacity 19538K, committed 19584K, reserved 1048576K
}
Event: 1429.093 GC heap before
{Heap before GC invocations=99 (full 0):
 garbage-first heap   total 473088K, used 316152K [0x0000000080000000, 0x0000000100000000)
  region size 1024K, 205 young (209920K), 8 survivors (8192K)
 Metaspace       used 157916K, capacity 161880K, committed 162048K, reserved 1191936K
  class space    used 18953K, capacity 20398K, committed 20480K, reserved 1048576K
}
Event: 1429.138 GC heap after
{Heap after GC invocations=100 (full 0):
 garbage-first heap   total 473088K, used 182080K [0x0000000080000000, 0x0000000100000000)
  region size 1024K, 26 young (26624K), 26 survivors (26624K)
 Metaspace       used 157916K, capacity 161880K, committed 162048K, reserved 1191936K
  class space    used 18953K, capacity 20398K, committed 20480K, reserved 1048576K
}
Event: 1429.141 GC heap before
{Heap before GC invocations=100 (full 0):
 garbage-first heap   total 473088K, used 183104K [0x0000000080000000, 0x0000000100000000)
  region size 1024K, 27 young (27648K), 26 survivors (26624K)
 Metaspace       used 157916K, capacity 161880K, committed 162048K, reserved 1191936K
  class space    used 18953K, capacity 20398K, committed 20480K, reserved 1048576K
}
Event: 1429.164 GC heap after
{Heap after GC invocations=101 (full 0):
 garbage-first heap   total 473088K, used 179676K [0x0000000080000000, 0x0000000100000000)
  region size 1024K, 3 young (3072K), 3 survivors (3072K)
 Metaspace       used 157916K, capacity 161880K, committed 162048K, reserved 1191936K
  class space    used 18953K, capacity 20398K, committed 20480K, reserved 1048576K
}
Event: 1430.430 GC heap before
{Heap before GC invocations=101 (full 0):
 garbage-first heap   total 473088K, used 317916K [0x0000000080000000, 0x0000000100000000)
  region size 1024K, 140 young (143360K), 3 survivors (3072K)
 Metaspace       used 158269K, capacity 162279K, committed 162432K, reserved 1191936K
  class space    used 19001K, capacity 20483K, committed 20608K, reserved 1048576K
}
Event: 1430.460 GC heap after
{Heap after GC invocations=102 (full 0):
 garbage-first heap   total 473088K, used 211968K [0x0000000080000000, 0x0000000100000000)
  region size 1024K, 18 young (18432K), 18 survivors (18432K)
 Metaspace       used 158269K, capacity 162279K, committed 162432K, reserved 1191936K
  class space    used 19001K, capacity 20483K, committed 20608K, reserved 1048576K
}
Event: 1483.419 GC heap before
{Heap before GC invocations=103 (full 0):
 garbage-first heap   total 473088K, used 312320K [0x0000000080000000, 0x0000000100000000)
  region size 1024K, 139 young (142336K), 18 survivors (18432K)
 Metaspace       used 158413K, capacity 162417K, committed 162688K, reserved 1191936K
  class space    used 19002K, capacity 20484K, committed 20608K, reserved 1048576K
}
Event: 1483.435 GC heap after
{Heap after GC invocations=104 (full 0):
 garbage-first heap   total 473088K, used 178176K [0x0000000080000000, 0x0000000100000000)
  region size 1024K, 7 young (7168K), 7 survivors (7168K)
 Metaspace       used 158413K, capacity 162417K, committed 162688K, reserved 1191936K
  class space    used 19002K, capacity 20484K, committed 20608K, reserved 1048576K
}
Event: 1483.797 GC heap before
{Heap before GC invocations=104 (full 0):
 garbage-first heap   total 473088K, used 193536K [0x0000000080000000, 0x0000000100000000)
  region size 1024K, 23 young (23552K), 7 survivors (7168K)
 Metaspace       used 158423K, capacity 162417K, committed 162688K, reserved 1191936K
  class space    used 19002K, capacity 20484K, committed 20608K, reserved 1048576K
}
Event: 1483.810 GC heap after
{Heap after GC invocations=105 (full 0):
 garbage-first heap   total 473088K, used 162321K [0x0000000080000000, 0x0000000100000000)
  region size 1024K, 2 young (2048K), 2 survivors (2048K)
 Metaspace       used 158423K, capacity 162417K, committed 162688K, reserved 1191936K
  class space    used 19002K, capacity 20484K, committed 20608K, reserved 1048576K
}
Event: 1664.132 GC heap before
{Heap before GC invocations=105 (full 0):
 garbage-first heap   total 473088K, used 300561K [0x0000000080000000, 0x0000000100000000)
  region size 1024K, 139 young (142336K), 2 survivors (2048K)
 Metaspace       used 158548K, capacity 162635K, committed 162944K, reserved 1191936K
  class space    used 19008K, capacity 20489K, committed 20608K, reserved 1048576K
}
Event: 1664.143 GC heap after
{Heap after GC invocations=106 (full 0):
 garbage-first heap   total 473088K, used 168229K [0x0000000080000000, 0x0000000100000000)
  region size 1024K, 8 young (8192K), 8 survivors (8192K)
 Metaspace       used 158548K, capacity 162635K, committed 162944K, reserved 1191936K
  class space    used 19008K, capacity 20489K, committed 20608K, reserved 1048576K
}
Event: 1666.527 GC heap before
{Heap before GC invocations=107 (full 0):
 garbage-first heap   total 473088K, used 313637K [0x0000000080000000, 0x0000000100000000)
  region size 1024K, 174 young (178176K), 8 survivors (8192K)
 Metaspace       used 165907K, capacity 170029K, committed 170112K, reserved 1198080K
  class space    used 19826K, capacity 21350K, committed 21376K, reserved 1048576K
}
Event: 1666.580 GC heap after
{Heap after GC invocations=108 (full 0):
 garbage-first heap   total 473088K, used 228431K [0x0000000080000000, 0x0000000100000000)
  region size 1024K, 22 young (22528K), 22 survivors (22528K)
 Metaspace       used 165907K, capacity 170029K, committed 170112K, reserved 1198080K
  class space    used 19826K, capacity 21350K, committed 21376K, reserved 1048576K
}
Event: 1666.582 GC heap before
{Heap before GC invocations=108 (full 0):
 garbage-first heap   total 473088K, used 229455K [0x0000000080000000, 0x0000000100000000)
  region size 1024K, 23 young (23552K), 22 survivors (22528K)
 Metaspace       used 165907K, capacity 170029K, committed 170112K, reserved 1198080K
  class space    used 19826K, capacity 21350K, committed 21376K, reserved 1048576K
}
Event: 1666.616 GC heap after
{Heap after GC invocations=109 (full 0):
 garbage-first heap   total 473088K, used 203264K [0x0000000080000000, 0x0000000100000000)
  region size 1024K, 2 young (2048K), 2 survivors (2048K)
 Metaspace       used 165907K, capacity 170029K, committed 170112K, reserved 1198080K
  class space    used 19826K, capacity 21350K, committed 21376K, reserved 1048576K
}
Event: 1667.323 GC heap before
{Heap before GC invocations=109 (full 0):
 garbage-first heap   total 473088K, used 322048K [0x0000000080000000, 0x0000000100000000)
  region size 1024K, 119 young (121856K), 2 survivors (2048K)
 Metaspace       used 165983K, capacity 170097K, committed 170368K, reserved 1198080K
  class space    used 19826K, capacity 21350K, committed 21376K, reserved 1048576K
}

